<?xml version="1.0" encoding="UTF-8"?>
<testng-results skipped="0" failed="2" total="6" passed="4">
  <reporter-output>
  </reporter-output>
  <suite name="Suite" duration-ms="194290" started-at="2021-06-15T08:07:08Z" finished-at="2021-06-15T08:10:22Z">
    <groups>
    </groups>
    <test name="Test" duration-ms="194290" started-at="2021-06-15T08:07:08Z" finished-at="2021-06-15T08:10:22Z">
      <class name="Academy.VerifyFormAuthenticationPage">
        <test-method status="PASS" signature="validateFormAuthentication(java.lang.String, java.lang.String, java.lang.String)[pri:0, instance:Academy.VerifyFormAuthenticationPage@186f8716]" name="validateFormAuthentication" duration-ms="16266" started-at="2021-06-15T13:37:17Z" data-provider="getdata" finished-at="2021-06-15T13:37:34Z">
          <params>
            <param index="0">
              <value>
                <![CDATA[tomsmith]]>
              </value>
            </param>
            <param index="1">
              <value>
                <![CDATA[SuperSecretPassword!]]>
              </value>
            </param>
            <param index="2">
              <value>
                <![CDATA[User is allowed]]>
              </value>
            </param>
          </params>
          <reporter-output>
          </reporter-output>
        </test-method> <!-- validateFormAuthentication -->
        <test-method status="PASS" signature="validateFormAuthentication(java.lang.String, java.lang.String, java.lang.String)[pri:0, instance:Academy.VerifyFormAuthenticationPage@186f8716]" name="validateFormAuthentication" duration-ms="8136" started-at="2021-06-15T13:37:34Z" data-provider="getdata" finished-at="2021-06-15T13:37:42Z">
          <params>
            <param index="0">
              <value>
                <![CDATA[xyz]]>
              </value>
            </param>
            <param index="1">
              <value>
                <![CDATA[xyz]]>
              </value>
            </param>
            <param index="2">
              <value>
                <![CDATA[User is not allowed]]>
              </value>
            </param>
          </params>
          <reporter-output>
          </reporter-output>
        </test-method> <!-- validateFormAuthentication -->
        <test-method status="FAIL" signature="validateFormAuthentication(java.lang.String, java.lang.String, java.lang.String)[pri:0, instance:Academy.VerifyFormAuthenticationPage@186f8716]" name="validateFormAuthentication" duration-ms="31198" started-at="2021-06-15T13:37:42Z" data-provider="getdata" finished-at="2021-06-15T13:38:13Z">
          <params>
            <param index="0">
              <value>
                <![CDATA[]]>
              </value>
            </param>
            <param index="1">
              <value>
                <![CDATA[]]>
              </value>
            </param>
            <param index="2">
              <value>
                <![CDATA[User is not allowed]]>
              </value>
            </param>
          </params>
          <exception class="org.openqa.selenium.NoSuchElementException">
            <message>
              <![CDATA[no such element: Unable to locate element: {"method":"xpath","selector":"//div[@id='flash']"}
  (Session info: chrome=91.0.4472.77)
  (Driver info: chromedriver=2.41.578737 (49da6702b16031c40d63e5618de03a32ff6c197e),platform=Windows NT 6.3.9600 x86_64) (WARNING: The server did not provide any stacktrace information)
Command duration or timeout: 0 milliseconds
For documentation on this error, please visit: http://seleniumhq.org/exceptions/no_such_element.html
Build info: version: '3.12.0', revision: '7c6e0b3', time: '2018-05-08T15:15:03.216Z'
System info: host: 'HP', ip: '192.168.1.103', os.name: 'Windows 8.1', os.arch: 'amd64', os.version: '6.3', java.version: '1.8.0_131'
Driver info: org.openqa.selenium.chrome.ChromeDriver
Capabilities {acceptInsecureCerts: false, acceptSslCerts: false, applicationCacheEnabled: false, browserConnectionEnabled: false, browserName: chrome, chrome: {chromedriverVersion: 2.41.578737 (49da6702b16031..., userDataDir: C:\Users\SHILPA~1\AppData\L...}, cssSelectorsEnabled: true, databaseEnabled: false, goog:chromeOptions: {debuggerAddress: localhost:65457}, handlesAlerts: true, hasTouchScreen: false, javascriptEnabled: true, locationContextEnabled: true, mobileEmulationEnabled: false, nativeEvents: true, networkConnectionEnabled: false, pageLoadStrategy: normal, platform: XP, platformName: XP, rotatable: false, setWindowRect: true, takesHeapSnapshot: true, takesScreenshot: true, unexpectedAlertBehaviour: , unhandledPromptBehavior: , version: 91.0.4472.77, webStorageEnabled: true}
Session ID: a9f2dd4c14079ceed8c69ee9571e6c64
*** Element info: {Using=xpath, value=//div[@id='flash']}]]>
            </message>
            <full-stacktrace>
              <![CDATA[org.openqa.selenium.NoSuchElementException: no such element: Unable to locate element: {"method":"xpath","selector":"//div[@id='flash']"}
  (Session info: chrome=91.0.4472.77)
  (Driver info: chromedriver=2.41.578737 (49da6702b16031c40d63e5618de03a32ff6c197e),platform=Windows NT 6.3.9600 x86_64) (WARNING: The server did not provide any stacktrace information)
Command duration or timeout: 0 milliseconds
For documentation on this error, please visit: http://seleniumhq.org/exceptions/no_such_element.html
Build info: version: '3.12.0', revision: '7c6e0b3', time: '2018-05-08T15:15:03.216Z'
System info: host: 'HP', ip: '192.168.1.103', os.name: 'Windows 8.1', os.arch: 'amd64', os.version: '6.3', java.version: '1.8.0_131'
Driver info: org.openqa.selenium.chrome.ChromeDriver
Capabilities {acceptInsecureCerts: false, acceptSslCerts: false, applicationCacheEnabled: false, browserConnectionEnabled: false, browserName: chrome, chrome: {chromedriverVersion: 2.41.578737 (49da6702b16031..., userDataDir: C:\Users\SHILPA~1\AppData\L...}, cssSelectorsEnabled: true, databaseEnabled: false, goog:chromeOptions: {debuggerAddress: localhost:65457}, handlesAlerts: true, hasTouchScreen: false, javascriptEnabled: true, locationContextEnabled: true, mobileEmulationEnabled: false, nativeEvents: true, networkConnectionEnabled: false, pageLoadStrategy: normal, platform: XP, platformName: XP, rotatable: false, setWindowRect: true, takesHeapSnapshot: true, takesScreenshot: true, unexpectedAlertBehaviour: , unhandledPromptBehavior: , version: 91.0.4472.77, webStorageEnabled: true}
Session ID: a9f2dd4c14079ceed8c69ee9571e6c64
*** Element info: {Using=xpath, value=//div[@id='flash']}
	at sun.reflect.NativeConstructorAccessorImpl.newInstance0(Native Method)
	at sun.reflect.NativeConstructorAccessorImpl.newInstance(Unknown Source)
	at sun.reflect.DelegatingConstructorAccessorImpl.newInstance(Unknown Source)
	at java.lang.reflect.Constructor.newInstance(Unknown Source)
	at org.openqa.selenium.remote.ErrorHandler.createThrowable(ErrorHandler.java:214)
	at org.openqa.selenium.remote.ErrorHandler.throwIfResponseFailed(ErrorHandler.java:166)
	at org.openqa.selenium.remote.http.JsonHttpResponseCodec.reconstructValue(JsonHttpResponseCodec.java:40)
	at org.openqa.selenium.remote.http.AbstractHttpResponseCodec.decode(AbstractHttpResponseCodec.java:80)
	at org.openqa.selenium.remote.http.AbstractHttpResponseCodec.decode(AbstractHttpResponseCodec.java:44)
	at org.openqa.selenium.remote.HttpCommandExecutor.execute(HttpCommandExecutor.java:158)
	at org.openqa.selenium.remote.service.DriverCommandExecutor.execute(DriverCommandExecutor.java:83)
	at org.openqa.selenium.remote.RemoteWebDriver.execute(RemoteWebDriver.java:543)
	at org.openqa.selenium.remote.RemoteWebDriver.findElement(RemoteWebDriver.java:317)
	at org.openqa.selenium.remote.RemoteWebDriver.findElementByXPath(RemoteWebDriver.java:419)
	at org.openqa.selenium.By$ByXPath.findElement(By.java:353)
	at org.openqa.selenium.remote.RemoteWebDriver.findElement(RemoteWebDriver.java:309)
	at pageObjects.SecurePage.getvalidationmessage(SecurePage.java:18)
	at Academy.VerifyFormAuthenticationPage.validateFormAuthentication(VerifyFormAuthenticationPage.java:71)
	at sun.reflect.NativeMethodAccessorImpl.invoke0(Native Method)
	at sun.reflect.NativeMethodAccessorImpl.invoke(Unknown Source)
	at sun.reflect.DelegatingMethodAccessorImpl.invoke(Unknown Source)
	at java.lang.reflect.Method.invoke(Unknown Source)
	at org.testng.internal.MethodInvocationHelper.invokeMethod(MethodInvocationHelper.java:86)
	at org.testng.internal.Invoker.invokeMethod(Invoker.java:643)
	at org.testng.internal.Invoker.invokeTestMethod(Invoker.java:820)
	at org.testng.internal.Invoker.invokeTestMethods(Invoker.java:1128)
	at org.testng.internal.TestMethodWorker.invokeTestMethods(TestMethodWorker.java:129)
	at org.testng.internal.TestMethodWorker.run(TestMethodWorker.java:112)
	at org.testng.TestRunner.privateRun(TestRunner.java:782)
	at org.testng.TestRunner.run(TestRunner.java:632)
	at org.testng.SuiteRunner.runTest(SuiteRunner.java:366)
	at org.testng.SuiteRunner.runSequentially(SuiteRunner.java:361)
	at org.testng.SuiteRunner.privateRun(SuiteRunner.java:319)
	at org.testng.SuiteRunner.run(SuiteRunner.java:268)
	at org.testng.SuiteRunnerWorker.runSuite(SuiteRunnerWorker.java:52)
	at org.testng.SuiteRunnerWorker.run(SuiteRunnerWorker.java:86)
	at org.testng.TestNG.runSuitesSequentially(TestNG.java:1244)
	at org.testng.TestNG.runSuitesLocally(TestNG.java:1169)
	at org.testng.TestNG.run(TestNG.java:1064)
	at org.testng.remote.AbstractRemoteTestNG.run(AbstractRemoteTestNG.java:114)
	at org.testng.remote.RemoteTestNG.initAndRun(RemoteTestNG.java:251)
	at org.testng.remote.RemoteTestNG.main(RemoteTestNG.java:77)
]]>
            </full-stacktrace>
          </exception> <!-- org.openqa.selenium.NoSuchElementException -->
          <reporter-output>
          </reporter-output>
        </test-method> <!-- validateFormAuthentication -->
      </class> <!-- Academy.VerifyFormAuthenticationPage -->
      <class name="Academy.VerifyCheckbox">
        <test-method status="PASS" signature="Initialize()[pri:0, instance:Academy.VerifyCheckbox@11c9af63]" name="Initialize" is-config="true" duration-ms="3221" started-at="2021-06-15T13:37:08Z" finished-at="2021-06-15T13:37:11Z">
          <reporter-output>
          </reporter-output>
        </test-method> <!-- Initialize -->
        <test-method status="PASS" signature="Initialize()[pri:0, instance:Academy.VerifyFormAuthenticationPage@186f8716]" name="Initialize" is-config="true" duration-ms="2167" started-at="2021-06-15T13:37:11Z" finished-at="2021-06-15T13:37:13Z">
          <reporter-output>
          </reporter-output>
        </test-method> <!-- Initialize -->
        <test-method status="PASS" signature="Initialize()[pri:0, instance:Academy.VerifyFormAuthenticationPageWithExcel@45ca843]" name="Initialize" is-config="true" duration-ms="2269" started-at="2021-06-15T13:37:13Z" finished-at="2021-06-15T13:37:15Z">
          <reporter-output>
          </reporter-output>
        </test-method> <!-- Initialize -->
        <test-method status="PASS" signature="Initialize()[pri:0, instance:Academy.VerifyJavaScriptAlerts@1d8bd0de]" name="Initialize" is-config="true" duration-ms="2235" started-at="2021-06-15T13:37:15Z" finished-at="2021-06-15T13:37:17Z">
          <reporter-output>
          </reporter-output>
        </test-method> <!-- Initialize -->
        <test-method status="PASS" signature="validatecheckbox()[pri:0, instance:Academy.VerifyCheckbox@11c9af63]" name="validatecheckbox" duration-ms="22134" started-at="2021-06-15T13:39:59Z" finished-at="2021-06-15T13:40:21Z">
          <reporter-output>
          </reporter-output>
        </test-method> <!-- validatecheckbox -->
        <test-method status="PASS" signature="teardown()[pri:0, instance:Academy.VerifyCheckbox@11c9af63]" name="teardown" is-config="true" duration-ms="173" started-at="2021-06-15T13:40:21Z" finished-at="2021-06-15T13:40:22Z">
          <reporter-output>
          </reporter-output>
        </test-method> <!-- teardown -->
        <test-method status="PASS" signature="teardown()[pri:0, instance:Academy.VerifyFormAuthenticationPage@186f8716]" name="teardown" is-config="true" duration-ms="87" started-at="2021-06-15T13:40:22Z" finished-at="2021-06-15T13:40:22Z">
          <reporter-output>
          </reporter-output>
        </test-method> <!-- teardown -->
        <test-method status="PASS" signature="teardown()[pri:0, instance:Academy.VerifyFormAuthenticationPageWithExcel@45ca843]" name="teardown" is-config="true" duration-ms="95" started-at="2021-06-15T13:40:22Z" finished-at="2021-06-15T13:40:22Z">
          <reporter-output>
          </reporter-output>
        </test-method> <!-- teardown -->
        <test-method status="PASS" signature="teardown()[pri:0, instance:Academy.VerifyJavaScriptAlerts@1d8bd0de]" name="teardown" is-config="true" duration-ms="80" started-at="2021-06-15T13:40:22Z" finished-at="2021-06-15T13:40:22Z">
          <reporter-output>
          </reporter-output>
        </test-method> <!-- teardown -->
      </class> <!-- Academy.VerifyCheckbox -->
      <class name="Academy.VerifyFormAuthenticationPageWithExcel">
        <test-method status="PASS" signature="validateFormAuthentication()[pri:0, instance:Academy.VerifyFormAuthenticationPageWithExcel@45ca843]" name="validateFormAuthentication" duration-ms="32395" started-at="2021-06-15T13:39:27Z" finished-at="2021-06-15T13:39:59Z">
          <reporter-output>
          </reporter-output>
        </test-method> <!-- validateFormAuthentication -->
      </class> <!-- Academy.VerifyFormAuthenticationPageWithExcel -->
      <class name="Academy.VerifyJavaScriptAlerts">
        <test-method status="FAIL" signature="validateJavaScriptAlerts()[pri:0, instance:Academy.VerifyJavaScriptAlerts@1d8bd0de]" name="validateJavaScriptAlerts" duration-ms="6224" started-at="2021-06-15T13:39:20Z" finished-at="2021-06-15T13:39:27Z">
          <exception class="java.lang.AssertionError">
            <message>
              <![CDATA[expected [You successfully clicked an alert  ] but found [You successfully clicked an alert]]]>
            </message>
            <full-stacktrace>
              <![CDATA[java.lang.AssertionError: expected [You successfully clicked an alert  ] but found [You successfully clicked an alert]
	at org.testng.Assert.fail(Assert.java:94)
	at org.testng.Assert.failNotEquals(Assert.java:513)
	at org.testng.Assert.assertEqualsImpl(Assert.java:135)
	at org.testng.Assert.assertEquals(Assert.java:116)
	at org.testng.Assert.assertEquals(Assert.java:190)
	at org.testng.Assert.assertEquals(Assert.java:200)
	at Academy.VerifyJavaScriptAlerts.validateJavaScriptAlerts(VerifyJavaScriptAlerts.java:44)
	at sun.reflect.NativeMethodAccessorImpl.invoke0(Native Method)
	at sun.reflect.NativeMethodAccessorImpl.invoke(Unknown Source)
	at sun.reflect.DelegatingMethodAccessorImpl.invoke(Unknown Source)
	at java.lang.reflect.Method.invoke(Unknown Source)
	at org.testng.internal.MethodInvocationHelper.invokeMethod(MethodInvocationHelper.java:86)
	at org.testng.internal.Invoker.invokeMethod(Invoker.java:643)
	at org.testng.internal.Invoker.invokeTestMethod(Invoker.java:820)
	at org.testng.internal.Invoker.invokeTestMethods(Invoker.java:1128)
	at org.testng.internal.TestMethodWorker.invokeTestMethods(TestMethodWorker.java:129)
	at org.testng.internal.TestMethodWorker.run(TestMethodWorker.java:112)
	at org.testng.TestRunner.privateRun(TestRunner.java:782)
	at org.testng.TestRunner.run(TestRunner.java:632)
	at org.testng.SuiteRunner.runTest(SuiteRunner.java:366)
	at org.testng.SuiteRunner.runSequentially(SuiteRunner.java:361)
	at org.testng.SuiteRunner.privateRun(SuiteRunner.java:319)
	at org.testng.SuiteRunner.run(SuiteRunner.java:268)
	at org.testng.SuiteRunnerWorker.runSuite(SuiteRunnerWorker.java:52)
	at org.testng.SuiteRunnerWorker.run(SuiteRunnerWorker.java:86)
	at org.testng.TestNG.runSuitesSequentially(TestNG.java:1244)
	at org.testng.TestNG.runSuitesLocally(TestNG.java:1169)
	at org.testng.TestNG.run(TestNG.java:1064)
	at org.testng.remote.AbstractRemoteTestNG.run(AbstractRemoteTestNG.java:114)
	at org.testng.remote.RemoteTestNG.initAndRun(RemoteTestNG.java:251)
	at org.testng.remote.RemoteTestNG.main(RemoteTestNG.java:77)
]]>
            </full-stacktrace>
          </exception> <!-- java.lang.AssertionError -->
          <reporter-output>
          </reporter-output>
        </test-method> <!-- validateJavaScriptAlerts -->
      </class> <!-- Academy.VerifyJavaScriptAlerts -->
    </test> <!-- Test -->
  </suite> <!-- Suite -->
</testng-results>
